# JRE version: Java(TM) SE Runtime Environment (8.0_65-b17) (build 1.8.0_65-b17)
# Java VM: Java HotSpot(TM) 64-Bit Server VM (25.65-b01 mixed mode bsd-amd64 compressed oops)
Heap:
 PSYoungGen      total 1972736K, used 190843K [0x0000000715580000, 0x0000000792000000, 0x00000007c0000000)
  eden space 1944064K, 8% used [0x0000000715580000,0x000000071fd7c560,0x000000078c000000)
  from space 28672K, 65% used [0x0000000790400000,0x0000000791662900,0x0000000792000000)
  to   space 49152K, 0% used [0x000000078c000000,0x000000078c000000,0x000000078f000000)
 ParOldGen       total 568320K, used 53634K [0x00000005c0000000, 0x00000005e2b00000, 0x0000000715580000)
  object space 568320K, 9% used [0x00000005c0000000,0x00000005c3460bd0,0x00000005e2b00000)
 Metaspace       used 96606K, capacity 102392K, committed 102528K, reserved 1136640K
  class space    used 14052K, capacity 15130K, committed 15232K, reserved 1048576K
GC Heap History (10 events):
Event: 318.035 GC heap before
{Heap before GC invocations=21 (full 4):
 PSYoungGen      total 1797120K, used 1789248K [0x0000000715580000, 0x0000000788880000, 0x00000007c0000000)
  eden space 1787904K, 100% used [0x0000000715580000,0x0000000782780000,0x0000000782780000)
  from space 9216K, 14% used [0x0000000787f80000,0x00000007880d0000,0x0000000788880000)
  to   space 49664K, 0% used [0x0000000782780000,0x0000000782780000,0x0000000785800000)
 ParOldGen       total 568320K, used 64786K [0x00000005c0000000, 0x00000005e2b00000, 0x0000000715580000)
  object space 568320K, 11% used [0x00000005c0000000,0x00000005c3f44b78,0x00000005e2b00000)
 Metaspace       used 94682K, capacity 100168K, committed 100352K, reserved 1134592K
  class space    used 13775K, capacity 14752K, committed 14848K, reserved 1048576K
Event: 318.040 GC heap after
Heap after GC invocations=21 (full 4):
 PSYoungGen      total 1837568K, used 2716K [0x0000000715580000, 0x000000078e000000, 0x00000007c0000000)
  eden space 1787904K, 0% used [0x0000000715580000,0x0000000715580000,0x0000000782780000)
  from space 49664K, 5% used [0x0000000782780000,0x0000000782a27128,0x0000000785800000)
  to   space 49152K, 0% used [0x000000078b000000,0x000000078b000000,0x000000078e000000)
 ParOldGen       total 568320K, used 64794K [0x00000005c0000000, 0x00000005e2b00000, 0x0000000715580000)
  object space 568320K, 11% used [0x00000005c0000000,0x00000005c3f46b78,0x00000005e2b00000)
 Metaspace       used 94682K, capacity 100168K, committed 100352K, reserved 1134592K
  class space    used 13775K, capacity 14752K, committed 14848K, reserved 1048576K
}
Event: 349.274 GC heap before
{Heap before GC invocations=22 (full 4):
 PSYoungGen      total 1837568K, used 1068335K [0x0000000715580000, 0x000000078e000000, 0x00000007c0000000)
  eden space 1787904K, 59% used [0x0000000715580000,0x0000000756624e40,0x0000000782780000)
  from space 49664K, 5% used [0x0000000782780000,0x0000000782a27128,0x0000000785800000)
  to   space 49152K, 0% used [0x000000078b000000,0x000000078b000000,0x000000078e000000)
 ParOldGen       total 568320K, used 64794K [0x00000005c0000000, 0x00000005e2b00000, 0x0000000715580000)
  object space 568320K, 11% used [0x00000005c0000000,0x00000005c3f46b78,0x00000005e2b00000)
 Metaspace       used 95222K, capacity 100818K, committed 100992K, reserved 1134592K
  class space    used 13867K, capacity 14885K, committed 14976K, reserved 1048576K
Event: 349.278 GC heap after
Heap after GC invocations=22 (full 4):
 PSYoungGen      total 1925632K, used 3375K [0x0000000715580000, 0x000000078de00000, 0x00000007c0000000)
  eden space 1878528K, 0% used [0x0000000715580000,0x0000000715580000,0x0000000788000000)
  from space 47104K, 7% used [0x000000078b000000,0x000000078b34bf30,0x000000078de00000)
  to   space 48128K, 0% used [0x0000000788000000,0x0000000788000000,0x000000078af00000)
 ParOldGen       total 568320K, used 64802K [0x00000005c0000000, 0x00000005e2b00000, 0x0000000715580000)
  object space 568320K, 11% used [0x00000005c0000000,0x00000005c3f48b78,0x00000005e2b00000)
 Metaspace       used 95222K, capacity 100818K, committed 100992K, reserved 1134592K
  class space    used 13867K, capacity 14885K, committed 14976K, reserved 1048576K
}
Event: 349.278 GC heap before
{Heap before GC invocations=23 (full 5):
 PSYoungGen      total 1925632K, used 3375K [0x0000000715580000, 0x000000078de00000, 0x00000007c0000000)
  eden space 1878528K, 0% used [0x0000000715580000,0x0000000715580000,0x0000000788000000)
  from space 47104K, 7% used [0x000000078b000000,0x000000078b34bf30,0x000000078de00000)
  to   space 48128K, 0% used [0x0000000788000000,0x0000000788000000,0x000000078af00000)
 ParOldGen       total 568320K, used 64802K [0x00000005c0000000, 0x00000005e2b00000, 0x0000000715580000)
  object space 568320K, 11% used [0x00000005c0000000,0x00000005c3f48b78,0x00000005e2b00000)
 Metaspace       used 95222K, capacity 100818K, committed 100992K, reserved 1134592K
  class space    used 13867K, capacity 14885K, committed 14976K, reserved 1048576K
Event: 349.553 GC heap after
Heap after GC invocations=23 (full 5):
 PSYoungGen      total 1925632K, used 0K [0x0000000715580000, 0x000000078de00000, 0x00000007c0000000)
  eden space 1878528K, 0% used [0x0000000715580000,0x0000000715580000,0x0000000788000000)
  from space 47104K, 0% used [0x000000078b000000,0x000000078b000000,0x000000078de00000)
  to   space 48128K, 0% used [0x0000000788000000,0x0000000788000000,0x000000078af00000)
 ParOldGen       total 568320K, used 53618K [0x00000005c0000000, 0x00000005e2b00000, 0x0000000715580000)
  object space 568320K, 9% used [0x00000005c0000000,0x00000005c345cbd0,0x00000005e2b00000)
 Metaspace       used 95222K, capacity 100818K, committed 100992K, reserved 1134592K
  class space    used 13867K, capacity 14885K, committed 14976K, reserved 1048576K
}
Event: 377.956 GC heap before
{Heap before GC invocations=24 (full 5):
 PSYoungGen      total 1925632K, used 1878528K [0x0000000715580000, 0x000000078de00000, 0x00000007c0000000)
  eden space 1878528K, 100% used [0x0000000715580000,0x0000000788000000,0x0000000788000000)
  from space 47104K, 0% used [0x000000078b000000,0x000000078b000000,0x000000078de00000)
  to   space 48128K, 0% used [0x0000000788000000,0x0000000788000000,0x000000078af00000)
 ParOldGen       total 568320K, used 53618K [0x00000005c0000000, 0x00000005e2b00000, 0x0000000715580000)
  object space 568320K, 9% used [0x00000005c0000000,0x00000005c345cbd0,0x00000005e2b00000)
 Metaspace       used 96584K, capacity 102392K, committed 102528K, reserved 1136640K
  class space    used 14051K, capacity 15130K, committed 15232K, reserved 1048576K
Event: 377.983 GC heap after
Heap after GC invocations=24 (full 5):
 PSYoungGen      total 1926656K, used 35071K [0x0000000715580000, 0x0000000793700000, 0x00000007c0000000)
  eden space 1878528K, 0% used [0x0000000715580000,0x0000000715580000,0x0000000788000000)
  from space 48128K, 72% used [0x0000000788000000,0x000000078a23ff10,0x000000078af00000)
  to   space 52224K, 0% used [0x0000000790400000,0x0000000790400000,0x0000000793700000)
 ParOldGen       total 568320K, used 53626K [0x00000005c0000000, 0x00000005e2b00000, 0x0000000715580000)
  object space 568320K, 9% used [0x00000005c0000000,0x00000005c345ebd0,0x00000005e2b00000)
 Metaspace       used 96584K, capacity 102392K, committed 102528K, reserved 1136640K
  class space    used 14051K, capacity 15130K, committed 15232K, reserved 1048576K
}
Event: 441.473 GC heap before
{Heap before GC invocations=25 (full 5):
 PSYoungGen      total 1926656K, used 1913599K [0x0000000715580000, 0x0000000793700000, 0x00000007c0000000)
  eden space 1878528K, 100% used [0x0000000715580000,0x0000000788000000,0x0000000788000000)
  from space 48128K, 72% used [0x0000000788000000,0x000000078a23ff10,0x000000078af00000)
  to   space 52224K, 0% used [0x0000000790400000,0x0000000790400000,0x0000000793700000)
 ParOldGen       total 568320K, used 53626K [0x00000005c0000000, 0x00000005e2b00000, 0x0000000715580000)
  object space 568320K, 9% used [0x00000005c0000000,0x00000005c345ebd0,0x00000005e2b00000)
 Metaspace       used 96584K, capacity 102392K, committed 102528K, reserved 1136640K
  class space    used 14051K, capacity 15130K, committed 15232K, reserved 1048576K
Event: 441.482 GC heap after
Heap after GC invocations=25 (full 5):
 PSYoungGen      total 1972736K, used 18826K [0x0000000715580000, 0x0000000792000000, 0x00000007c0000000)
  eden space 1944064K, 0% used [0x0000000715580000,0x0000000715580000,0x000000078c000000)
  from space 28672K, 65% used [0x0000000790400000,0x0000000791662900,0x0000000792000000)
  to   space 49152K, 0% used [0x000000078c000000,0x000000078c000000,0x000000078f000000)
 ParOldGen       total 568320K, used 53634K [0x00000005c0000000, 0x00000005e2b00000, 0x0000000715580000)
  object space 568320K, 9% used [0x00000005c0000000,0x00000005c3460bd0,0x00000005e2b00000)
 Metaspace       used 96584K, capacity 102392K, committed 102528K, reserved 1136640K
  class space    used 14051K, capacity 15130K, committed 15232K, reserved 1048576K
}

